c:\widelands\libintl\release\libintl.pdb
c:\widelands\libintl\release\plural-exp.obj
c:\widelands\libintl\release\osdep.obj
c:\widelands\libintl\release\ngettext.obj
c:\widelands\libintl\release\log.obj
c:\widelands\libintl\release\localename.obj
c:\widelands\libintl\release\localealias.obj
c:\widelands\libintl\release\localcharset.obj
c:\widelands\libintl\release\loadmsgcat.obj
c:\widelands\libintl\release\langprefs.obj
c:\widelands\libintl\release\l10nflist.obj
c:\widelands\libintl\release\intl-compat.obj
c:\widelands\libintl\release\gettext.obj
c:\widelands\libintl\release\finddomain.obj
c:\widelands\libintl\release\explodename.obj
c:\widelands\libintl\release\dngettext.obj
c:\widelands\libintl\release\dgettext.obj
c:\widelands\libintl\release\dcngettext.obj
c:\widelands\libintl\release\dcigettext.obj
c:\widelands\libintl\release\dcgettext.obj
c:\widelands\libintl\release\bindtextdom.obj
c:\widelands\libintl\release\textdomain.obj
c:\widelands\libintl\release\relocatable.obj
c:\widelands\libintl\release\printf.obj
c:\widelands\libintl\release\plural.obj
c:\widelands\lib\x86\libintl.lib
c:\widelands\libintl\..\lib\x86\libintl.lib
c:\widelands\libintl\release\libintl.tlog\cl.command.1.tlog
c:\widelands\libintl\release\libintl.tlog\cl.read.1.tlog
c:\widelands\libintl\release\libintl.tlog\cl.write.1.tlog
c:\widelands\libintl\release\libintl.tlog\lib-link.read.1.tlog
c:\widelands\libintl\release\libintl.tlog\lib-link.write.1.tlog
c:\widelands\libintl\release\libintl.tlog\lib.command.1.tlog
